The system is: Windows - 10.0.22000 - AMD64
Compiling the C compiler identification source file "CMakeCCompilerId.c" succeeded.
Compiler: C:/Program Files/Microsoft Visual Studio/2022/Community/VC/Tools/MSVC/14.31.31103/bin/Hostx64/x64/cl.exe 
Build flags: 
Id flags:  

The output was:
0
Microsoft (R) C/C++ Optimizing Compiler Version 19.31.31104 for x64
Copyright (C) Microsoft Corporation.  All rights reserved.

CMakeCCompilerId.c
Microsoft (R) Incremental Linker Version 14.31.31104.0
Copyright (C) Microsoft Corporation.  All rights reserved.

/out:CMakeCCompilerId.exe 
CMakeCCompilerId.obj 


Compilation of the C compiler identification source "CMakeCCompilerId.c" produced "CMakeCCompilerId.exe"

Compilation of the C compiler identification source "CMakeCCompilerId.c" produced "CMakeCCompilerId.obj"

The C compiler identification is MSVC, found in "C:/Users/PC/Desktop/Programing/grafikakomputerowa/Graphic/Lab6/freeglut-3.2.2/out/build/x64-Debug/CMakeFiles/3.22.22011901-MSVC_2/CompilerIdC/CMakeCCompilerId.exe"

Compiling the CXX compiler identification source file "CMakeCXXCompilerId.cpp" succeeded.
Compiler: C:/Program Files/Microsoft Visual Studio/2022/Community/VC/Tools/MSVC/14.31.31103/bin/Hostx64/x64/cl.exe 
Build flags: 
Id flags:  

The output was:
0
Microsoft (R) C/C++ Optimizing Compiler Version 19.31.31104 for x64
Copyright (C) Microsoft Corporation.  All rights reserved.

CMakeCXXCompilerId.cpp
Microsoft (R) Incremental Linker Version 14.31.31104.0
Copyright (C) Microsoft Corporation.  All rights reserved.

/out:CMakeCXXCompilerId.exe 
CMakeCXXCompilerId.obj 


Compilation of the CXX compiler identification source "CMakeCXXCompilerId.cpp" produced "CMakeCXXCompilerId.exe"

Compilation of the CXX compiler identification source "CMakeCXXCompilerId.cpp" produced "CMakeCXXCompilerId.obj"

The CXX compiler identification is MSVC, found in "C:/Users/PC/Desktop/Programing/grafikakomputerowa/Graphic/Lab6/freeglut-3.2.2/out/build/x64-Debug/CMakeFiles/3.22.22011901-MSVC_2/CompilerIdCXX/CMakeCXXCompilerId.exe"

Detecting C compiler ABI info compiled with the following output:
Change Dir: C:/Users/PC/Desktop/Programing/grafikakomputerowa/Graphic/Lab6/freeglut-3.2.2/out/build/x64-Debug/CMakeFiles/CMakeTmp

Run Build Command(s):C:/Program Files/Microsoft Visual Studio/2022/Community/Common7/IDE/CommonExtensions/Microsoft/CMake/Ninja/ninja.exe cmTC_58228 && [1/2] Building C object CMakeFiles\cmTC_58228.dir\CMakeCCompilerABI.c.obj
[2/2] Linking C executable cmTC_58228.exe



Detecting CXX compiler ABI info compiled with the following output:
Change Dir: C:/Users/PC/Desktop/Programing/grafikakomputerowa/Graphic/Lab6/freeglut-3.2.2/out/build/x64-Debug/CMakeFiles/CMakeTmp

Run Build Command(s):C:/Program Files/Microsoft Visual Studio/2022/Community/Common7/IDE/CommonExtensions/Microsoft/CMake/Ninja/ninja.exe cmTC_159d6 && [1/2] Building CXX object CMakeFiles\cmTC_159d6.dir\CMakeCXXCompilerABI.cpp.obj
[2/2] Linking CXX executable cmTC_159d6.exe



Determining if files sys/types.h exist passed with the following output:
Change Dir: C:/Users/PC/Desktop/Programing/grafikakomputerowa/Graphic/Lab6/freeglut-3.2.2/out/build/x64-Debug/CMakeFiles/CMakeTmp

Run Build Command(s):C:/Program Files/Microsoft Visual Studio/2022/Community/Common7/IDE/CommonExtensions/Microsoft/CMake/Ninja/ninja.exe cmTC_2f46f && [1/2] Building C object CMakeFiles\cmTC_2f46f.dir\HAVE_SYS_TYPES_H.c.obj
[2/2] Linking C executable cmTC_2f46f.exe



Determining if files stdbool.h exist passed with the following output:
Change Dir: C:/Users/PC/Desktop/Programing/grafikakomputerowa/Graphic/Lab6/freeglut-3.2.2/out/build/x64-Debug/CMakeFiles/CMakeTmp

Run Build Command(s):C:/Program Files/Microsoft Visual Studio/2022/Community/Common7/IDE/CommonExtensions/Microsoft/CMake/Ninja/ninja.exe cmTC_e7263 && [1/2] Building C object CMakeFiles\cmTC_e7263.dir\HAVE_STDBOOL_H.c.obj
[2/2] Linking C executable cmTC_e7263.exe



Determining if files fcntl.h exist passed with the following output:
Change Dir: C:/Users/PC/Desktop/Programing/grafikakomputerowa/Graphic/Lab6/freeglut-3.2.2/out/build/x64-Debug/CMakeFiles/CMakeTmp

Run Build Command(s):C:/Program Files/Microsoft Visual Studio/2022/Community/Common7/IDE/CommonExtensions/Microsoft/CMake/Ninja/ninja.exe cmTC_4bf2f && [1/2] Building C object CMakeFiles\cmTC_4bf2f.dir\HAVE_FCNTL_H.c.obj
[2/2] Linking C executable cmTC_4bf2f.exe



Determining if files stdint.h exist passed with the following output:
Change Dir: C:/Users/PC/Desktop/Programing/grafikakomputerowa/Graphic/Lab6/freeglut-3.2.2/out/build/x64-Debug/CMakeFiles/CMakeTmp

Run Build Command(s):C:/Program Files/Microsoft Visual Studio/2022/Community/Common7/IDE/CommonExtensions/Microsoft/CMake/Ninja/ninja.exe cmTC_a542c && [1/2] Building C object CMakeFiles\cmTC_a542c.dir\HAVE_STDINT_H.c.obj
[2/2] Linking C executable cmTC_a542c.exe



Determining if files inttypes.h exist passed with the following output:
Change Dir: C:/Users/PC/Desktop/Programing/grafikakomputerowa/Graphic/Lab6/freeglut-3.2.2/out/build/x64-Debug/CMakeFiles/CMakeTmp

Run Build Command(s):C:/Program Files/Microsoft Visual Studio/2022/Community/Common7/IDE/CommonExtensions/Microsoft/CMake/Ninja/ninja.exe cmTC_61246 && [1/2] Building C object CMakeFiles\cmTC_61246.dir\HAVE_INTTYPES_H.c.obj
[2/2] Linking C executable cmTC_61246.exe



